
3월 08, 2023 21:25:05.591 NEW SESSION
3월 08, 2023 21:25:05.591 [7644:11852:0308/212505.589:ERROR:device_event_log_impl.cc(218)] [21:25:05.589] USB: usb_device_handle_win.cc:1046 Failed to read descriptor from node connection: 시스템에 부착된 장치가 작동하지 않습니다. (0x1F)
3월 08, 2023 21:25:05.591 [7644:11852:0308/212505.591:ERROR:device_event_log_impl.cc(218)] [21:25:05.591] USB: usb_device_handle_win.cc:1046 Failed to read descriptor from node connection: 시스템에 부착된 장치가 작동하지 않습니다. (0x1F)
3월 08, 2023 21:28:26.610 [13500:7512:0308/212826.610:ERROR:device_event_log_impl.cc(218)] [21:28:26.610] USB: usb_device_handle_win.cc:1046 Failed to read descriptor from node connection: 시스템에 부착된 장치가 작동하지 않습니다. (0x1F)
3월 08, 2023 21:28:26.611 [13500:7512:0308/212826.611:ERROR:device_event_log_impl.cc(218)] [21:28:26.612] USB: usb_device_handle_win.cc:1046 Failed to read descriptor from node connection: 시스템에 부착된 장치가 작동하지 않습니다. (0x1F)
3월 08, 2023 21:29:41.263 [14332:1116:0308/212941.263:ERROR:device_event_log_impl.cc(218)] [21:29:41.262] USB: usb_device_handle_win.cc:1046 Failed to read descriptor from node connection: 시스템에 부착된 장치가 작동하지 않습니다. (0x1F)
3월 08, 2023 21:29:41.265 [14332:1116:0308/212941.265:ERROR:device_event_log_impl.cc(218)] [21:29:41.264] USB: usb_device_handle_win.cc:1046 Failed to read descriptor from node connection: 시스템에 부착된 장치가 작동하지 않습니다. (0x1F)

3월 09, 2023 12:12:40.503 NEW SESSION
3월 09, 2023 12:12:40.503 [16324:15604:0309/121240.501:ERROR:device_event_log_impl.cc(218)] [12:12:40.501] USB: usb_device_handle_win.cc:1046 Failed to read descriptor from node connection: 시스템에 부착된 장치가 작동하지 않습니다. (0x1F)
3월 09, 2023 12:12:40.504 [16324:15604:0309/121240.503:ERROR:device_event_log_impl.cc(218)] [12:12:40.503] USB: usb_device_handle_win.cc:1046 Failed to read descriptor from node connection: 시스템에 부착된 장치가 작동하지 않습니다. (0x1F)
3월 09, 2023 12:16:07.58 [1972:1884:0309/121607.058:ERROR:device_event_log_impl.cc(218)] [12:16:07.057] USB: usb_device_handle_win.cc:1046 Failed to read descriptor from node connection: 시스템에 부착된 장치가 작동하지 않습니다. (0x1F)
3월 09, 2023 12:16:07.62 [1972:1884:0309/121607.062:ERROR:device_event_log_impl.cc(218)] [12:16:07.061] USB: usb_device_handle_win.cc:1046 Failed to read descriptor from node connection: 시스템에 부착된 장치가 작동하지 않습니다. (0x1F)
3월 09, 2023 12:16:14.21 [1972:11396:0309/121614.020:ERROR:get_updates_processor.cc(264)] PostClientToServerMessage() failed during GetUpdates with error 2
3월 09, 2023 12:27:00.773 [4724:6068:0309/122700.773:ERROR:device_event_log_impl.cc(218)] [12:27:00.773] USB: usb_device_handle_win.cc:1046 Failed to read descriptor from node connection: 시스템에 부착된 장치가 작동하지 않습니다. (0x1F)
3월 09, 2023 12:27:00.776 [4724:6068:0309/122700.776:ERROR:device_event_log_impl.cc(218)] [12:27:00.776] USB: usb_device_handle_win.cc:1046 Failed to read descriptor from node connection: 시스템에 부착된 장치가 작동하지 않습니다. (0x1F)

3월 09, 2023 19:27:30.539 NEW SESSION
3월 09, 2023 19:27:30.539 [7280:7896:0309/192730.538:ERROR:device_event_log_impl.cc(218)] [19:27:30.538] USB: usb_device_handle_win.cc:1046 Failed to read descriptor from node connection: 시스템에 부착된 장치가 작동하지 않습니다. (0x1F)
3월 09, 2023 19:27:30.540 [7280:7896:0309/192730.539:ERROR:device_event_log_impl.cc(218)] [19:27:30.540] USB: usb_device_handle_win.cc:1046 Failed to read descriptor from node connection: 시스템에 부착된 장치가 작동하지 않습니다. (0x1F)
3월 09, 2023 19:28:10.550 [3024:1808:0309/192810.550:ERROR:device_event_log_impl.cc(218)] [19:28:10.550] USB: usb_device_handle_win.cc:1046 Failed to read descriptor from node connection: 시스템에 부착된 장치가 작동하지 않습니다. (0x1F)
3월 09, 2023 19:28:10.552 [3024:1808:0309/192810.552:ERROR:device_event_log_impl.cc(218)] [19:28:10.552] USB: usb_device_handle_win.cc:1046 Failed to read descriptor from node connection: 시스템에 부착된 장치가 작동하지 않습니다. (0x1F)
3월 09, 2023 19:42:12.868 [11196:10216:0309/194212.868:ERROR:device_event_log_impl.cc(218)] [19:42:12.868] USB: usb_device_handle_win.cc:1046 Failed to read descriptor from node connection: 시스템에 부착된 장치가 작동하지 않습니다. (0x1F)
3월 09, 2023 19:42:12.870 [11196:10216:0309/194212.870:ERROR:device_event_log_impl.cc(218)] [19:42:12.870] USB: usb_device_handle_win.cc:1046 Failed to read descriptor from node connection: 시스템에 부착된 장치가 작동하지 않습니다. (0x1F)
3월 09, 2023 19:44:17.726 [5752:5012:0309/194417.726:ERROR:device_event_log_impl.cc(218)] [19:44:17.726] USB: usb_device_handle_win.cc:1046 Failed to read descriptor from node connection: 시스템에 부착된 장치가 작동하지 않습니다. (0x1F)
3월 09, 2023 19:44:17.728 [5752:5012:0309/194417.727:ERROR:device_event_log_impl.cc(218)] [19:44:17.727] USB: usb_device_handle_win.cc:1046 Failed to read descriptor from node connection: 시스템에 부착된 장치가 작동하지 않습니다. (0x1F)
3월 09, 2023 19:45:59.972 [9400:1692:0309/194559.971:ERROR:device_event_log_impl.cc(218)] [19:45:59.972] USB: usb_device_handle_win.cc:1046 Failed to read descriptor from node connection: 시스템에 부착된 장치가 작동하지 않습니다. (0x1F)
3월 09, 2023 19:45:59.973 [9400:1692:0309/194559.973:ERROR:device_event_log_impl.cc(218)] [19:45:59.974] USB: usb_device_handle_win.cc:1046 Failed to read descriptor from node connection: 시스템에 부착된 장치가 작동하지 않습니다. (0x1F)
3월 09, 2023 19:47:02.902 [1432:9952:0309/194702.902:ERROR:device_event_log_impl.cc(218)] [19:47:02.902] USB: usb_device_handle_win.cc:1046 Failed to read descriptor from node connection: 시스템에 부착된 장치가 작동하지 않습니다. (0x1F)
3월 09, 2023 19:47:02.903 [1432:9952:0309/194702.903:ERROR:device_event_log_impl.cc(218)] [19:47:02.903] USB: usb_device_handle_win.cc:1046 Failed to read descriptor from node connection: 시스템에 부착된 장치가 작동하지 않습니다. (0x1F)
3월 09, 2023 20:05:22.185 [10840:8216:0309/200522.185:ERROR:device_event_log_impl.cc(218)] [20:05:22.185] USB: usb_device_handle_win.cc:1046 Failed to read descriptor from node connection: 시스템에 부착된 장치가 작동하지 않습니다. (0x1F)
3월 09, 2023 20:05:22.186 [10840:8216:0309/200522.186:ERROR:device_event_log_impl.cc(218)] [20:05:22.186] USB: usb_device_handle_win.cc:1046 Failed to read descriptor from node connection: 시스템에 부착된 장치가 작동하지 않습니다. (0x1F)
3월 09, 2023 20:12:09.806 [4120:5808:0309/201209.805:ERROR:device_event_log_impl.cc(218)] [20:12:09.805] USB: usb_device_handle_win.cc:1046 Failed to read descriptor from node connection: 시스템에 부착된 장치가 작동하지 않습니다. (0x1F)
3월 09, 2023 20:12:09.807 [4120:5808:0309/201209.807:ERROR:device_event_log_impl.cc(218)] [20:12:09.807] USB: usb_device_handle_win.cc:1046 Failed to read descriptor from node connection: 시스템에 부착된 장치가 작동하지 않습니다. (0x1F)
3월 09, 2023 20:17:15.520 [11708:14896:0309/201715.520:ERROR:device_event_log_impl.cc(218)] [20:17:15.519] USB: usb_device_handle_win.cc:1046 Failed to read descriptor from node connection: 시스템에 부착된 장치가 작동하지 않습니다. (0x1F)
3월 09, 2023 20:17:15.522 [11708:14896:0309/201715.521:ERROR:device_event_log_impl.cc(218)] [20:17:15.521] USB: usb_device_handle_win.cc:1046 Failed to read descriptor from node connection: 시스템에 부착된 장치가 작동하지 않습니다. (0x1F)
3월 09, 2023 20:19:16.636 [1552:2524:0309/201916.636:ERROR:device_event_log_impl.cc(218)] [20:19:16.635] USB: usb_device_handle_win.cc:1046 Failed to read descriptor from node connection: 시스템에 부착된 장치가 작동하지 않습니다. (0x1F)
3월 09, 2023 20:19:16.638 [1552:2524:0309/201916.638:ERROR:device_event_log_impl.cc(218)] [20:19:16.637] USB: usb_device_handle_win.cc:1046 Failed to read descriptor from node connection: 시스템에 부착된 장치가 작동하지 않습니다. (0x1F)
3월 09, 2023 20:20:07.275 [9076:3208:0309/202007.275:ERROR:device_event_log_impl.cc(218)] [20:20:07.276] USB: usb_device_handle_win.cc:1046 Failed to read descriptor from node connection: 시스템에 부착된 장치가 작동하지 않습니다. (0x1F)
3월 09, 2023 20:20:07.277 [9076:3208:0309/202007.277:ERROR:device_event_log_impl.cc(218)] [20:20:07.277] USB: usb_device_handle_win.cc:1046 Failed to read descriptor from node connection: 시스템에 부착된 장치가 작동하지 않습니다. (0x1F)
3월 09, 2023 20:20:18.233 [14060:11320:0309/202018.233:ERROR:device_event_log_impl.cc(218)] [20:20:18.234] USB: usb_device_handle_win.cc:1046 Failed to read descriptor from node connection: 시스템에 부착된 장치가 작동하지 않습니다. (0x1F)
3월 09, 2023 20:20:18.235 [14060:11320:0309/202018.235:ERROR:device_event_log_impl.cc(218)] [20:20:18.236] USB: usb_device_handle_win.cc:1046 Failed to read descriptor from node connection: 시스템에 부착된 장치가 작동하지 않습니다. (0x1F)
3월 09, 2023 20:21:18.710 [6504:6668:0309/202118.710:ERROR:device_event_log_impl.cc(218)] [20:21:18.710] USB: usb_device_handle_win.cc:1046 Failed to read descriptor from node connection: 시스템에 부착된 장치가 작동하지 않습니다. (0x1F)
3월 09, 2023 20:21:18.711 [6504:6668:0309/202118.711:ERROR:device_event_log_impl.cc(218)] [20:21:18.712] USB: usb_device_handle_win.cc:1046 Failed to read descriptor from node connection: 시스템에 부착된 장치가 작동하지 않습니다. (0x1F)
3월 09, 2023 20:21:38.865 [10280:5288:0309/202138.865:ERROR:device_event_log_impl.cc(218)] [20:21:38.865] USB: usb_device_handle_win.cc:1046 Failed to read descriptor from node connection: 시스템에 부착된 장치가 작동하지 않습니다. (0x1F)
3월 09, 2023 20:21:38.867 [10280:5288:0309/202138.867:ERROR:device_event_log_impl.cc(218)] [20:21:38.866] USB: usb_device_handle_win.cc:1046 Failed to read descriptor from node connection: 시스템에 부착된 장치가 작동하지 않습니다. (0x1F)
3월 09, 2023 20:24:13.443 [12452:9176:0309/202413.443:ERROR:device_event_log_impl.cc(218)] [20:24:13.444] USB: usb_device_handle_win.cc:1046 Failed to read descriptor from node connection: 시스템에 부착된 장치가 작동하지 않습니다. (0x1F)
3월 09, 2023 20:24:13.445 [12452:9176:0309/202413.445:ERROR:device_event_log_impl.cc(218)] [20:24:13.446] USB: usb_device_handle_win.cc:1046 Failed to read descriptor from node connection: 시스템에 부착된 장치가 작동하지 않습니다. (0x1F)
3월 09, 2023 20:31:39.323 [10488:15152:0309/203139.322:ERROR:get_updates_processor.cc(264)] PostClientToServerMessage() failed during GetUpdates with error 2
3월 09, 2023 20:32:15.889 [8508:15300:0309/203215.889:ERROR:device_event_log_impl.cc(218)] [20:32:15.889] USB: usb_device_handle_win.cc:1046 Failed to read descriptor from node connection: 시스템에 부착된 장치가 작동하지 않습니다. (0x1F)
3월 09, 2023 20:32:15.890 [8508:15300:0309/203215.890:ERROR:device_event_log_impl.cc(218)] [20:32:15.890] USB: usb_device_handle_win.cc:1046 Failed to read descriptor from node connection: 시스템에 부착된 장치가 작동하지 않습니다. (0x1F)
3월 09, 2023 20:32:48.207 [10084:6668:0309/203248.207:ERROR:device_event_log_impl.cc(218)] [20:32:48.207] USB: usb_device_handle_win.cc:1046 Failed to read descriptor from node connection: 시스템에 부착된 장치가 작동하지 않습니다. (0x1F)
3월 09, 2023 20:32:48.209 [10084:6668:0309/203248.208:ERROR:device_event_log_impl.cc(218)] [20:32:48.208] USB: usb_device_handle_win.cc:1046 Failed to read descriptor from node connection: 시스템에 부착된 장치가 작동하지 않습니다. (0x1F)
3월 09, 2023 20:34:30.613 [9568:9576:0309/203430.613:ERROR:device_event_log_impl.cc(218)] [20:34:30.613] USB: usb_device_handle_win.cc:1046 Failed to read descriptor from node connection: 시스템에 부착된 장치가 작동하지 않습니다. (0x1F)
3월 09, 2023 20:34:30.614 [9568:9576:0309/203430.614:ERROR:device_event_log_impl.cc(218)] [20:34:30.615] USB: usb_device_handle_win.cc:1046 Failed to read descriptor from node connection: 시스템에 부착된 장치가 작동하지 않습니다. (0x1F)
3월 09, 2023 20:35:43.353 [1608:13800:0309/203543.353:ERROR:device_event_log_impl.cc(218)] [20:35:43.353] USB: usb_device_handle_win.cc:1046 Failed to read descriptor from node connection: 시스템에 부착된 장치가 작동하지 않습니다. (0x1F)
3월 09, 2023 20:35:43.354 [1608:13800:0309/203543.354:ERROR:device_event_log_impl.cc(218)] [20:35:43.354] USB: usb_device_handle_win.cc:1046 Failed to read descriptor from node connection: 시스템에 부착된 장치가 작동하지 않습니다. (0x1F)
3월 09, 2023 20:36:54.581 [13656:2548:0309/203654.581:ERROR:device_event_log_impl.cc(218)] [20:36:54.582] USB: usb_device_handle_win.cc:1046 Failed to read descriptor from node connection: 시스템에 부착된 장치가 작동하지 않습니다. (0x1F)
3월 09, 2023 20:36:54.583 [13656:2548:0309/203654.583:ERROR:device_event_log_impl.cc(218)] [20:36:54.583] USB: usb_device_handle_win.cc:1046 Failed to read descriptor from node connection: 시스템에 부착된 장치가 작동하지 않습니다. (0x1F)
3월 09, 2023 20:43:24.900 [3168:7428:0309/204324.900:ERROR:device_event_log_impl.cc(218)] [20:43:24.900] USB: usb_device_handle_win.cc:1046 Failed to read descriptor from node connection: 시스템에 부착된 장치가 작동하지 않습니다. (0x1F)
3월 09, 2023 20:43:24.901 [3168:7428:0309/204324.901:ERROR:device_event_log_impl.cc(218)] [20:43:24.902] USB: usb_device_handle_win.cc:1046 Failed to read descriptor from node connection: 시스템에 부착된 장치가 작동하지 않습니다. (0x1F)
3월 09, 2023 20:46:53.115 [6464:10156:0309/204653.115:ERROR:device_event_log_impl.cc(218)] [20:46:53.115] USB: usb_device_handle_win.cc:1046 Failed to read descriptor from node connection: 시스템에 부착된 장치가 작동하지 않습니다. (0x1F)
3월 09, 2023 20:46:53.117 [6464:10156:0309/204653.117:ERROR:device_event_log_impl.cc(218)] [20:46:53.116] USB: usb_device_handle_win.cc:1046 Failed to read descriptor from node connection: 시스템에 부착된 장치가 작동하지 않습니다. (0x1F)
3월 09, 2023 20:47:17.650 [408:9460:0309/204717.650:ERROR:device_event_log_impl.cc(218)] [20:47:17.650] USB: usb_device_handle_win.cc:1046 Failed to read descriptor from node connection: 시스템에 부착된 장치가 작동하지 않습니다. (0x1F)
3월 09, 2023 20:47:17.652 [408:9460:0309/204717.651:ERROR:device_event_log_impl.cc(218)] [20:47:17.652] USB: usb_device_handle_win.cc:1046 Failed to read descriptor from node connection: 시스템에 부착된 장치가 작동하지 않습니다. (0x1F)
3월 09, 2023 20:48:15.502 [10716:7064:0309/204815.502:ERROR:device_event_log_impl.cc(218)] [20:48:15.502] USB: usb_device_handle_win.cc:1046 Failed to read descriptor from node connection: 시스템에 부착된 장치가 작동하지 않습니다. (0x1F)
3월 09, 2023 20:48:15.504 [10716:7064:0309/204815.504:ERROR:device_event_log_impl.cc(218)] [20:48:15.504] USB: usb_device_handle_win.cc:1046 Failed to read descriptor from node connection: 시스템에 부착된 장치가 작동하지 않습니다. (0x1F)
3월 09, 2023 20:52:56.735 [4676:14172:0309/205256.734:ERROR:device_event_log_impl.cc(218)] [20:52:56.734] USB: usb_device_handle_win.cc:1046 Failed to read descriptor from node connection: 시스템에 부착된 장치가 작동하지 않습니다. (0x1F)
3월 09, 2023 20:52:56.736 [4676:14172:0309/205256.736:ERROR:device_event_log_impl.cc(218)] [20:52:56.736] USB: usb_device_handle_win.cc:1046 Failed to read descriptor from node connection: 시스템에 부착된 장치가 작동하지 않습니다. (0x1F)
3월 09, 2023 21:34:16.908 [12492:8732:0309/213416.908:ERROR:device_event_log_impl.cc(218)] [21:34:16.907] USB: usb_device_handle_win.cc:1046 Failed to read descriptor from node connection: 시스템에 부착된 장치가 작동하지 않습니다. (0x1F)
3월 09, 2023 21:34:16.909 [12492:8732:0309/213416.909:ERROR:device_event_log_impl.cc(218)] [21:34:16.909] USB: usb_device_handle_win.cc:1046 Failed to read descriptor from node connection: 시스템에 부착된 장치가 작동하지 않습니다. (0x1F)
3월 09, 2023 21:35:44.551 [15200:6744:0309/213544.550:ERROR:device_event_log_impl.cc(218)] [21:35:44.550] USB: usb_device_handle_win.cc:1046 Failed to read descriptor from node connection: 시스템에 부착된 장치가 작동하지 않습니다. (0x1F)
3월 09, 2023 21:35:44.552 [15200:6744:0309/213544.552:ERROR:device_event_log_impl.cc(218)] [21:35:44.552] USB: usb_device_handle_win.cc:1046 Failed to read descriptor from node connection: 시스템에 부착된 장치가 작동하지 않습니다. (0x1F)
3월 09, 2023 21:38:35.985 [2492:9148:0309/213835.984:ERROR:device_event_log_impl.cc(218)] [21:38:35.984] USB: usb_device_handle_win.cc:1046 Failed to read descriptor from node connection: 시스템에 부착된 장치가 작동하지 않습니다. (0x1F)
3월 09, 2023 21:38:35.986 [2492:9148:0309/213835.986:ERROR:device_event_log_impl.cc(218)] [21:38:35.986] USB: usb_device_handle_win.cc:1046 Failed to read descriptor from node connection: 시스템에 부착된 장치가 작동하지 않습니다. (0x1F)
3월 09, 2023 21:39:50.511 [11884:2920:0309/213950.511:ERROR:device_event_log_impl.cc(218)] [21:39:50.511] USB: usb_device_handle_win.cc:1046 Failed to read descriptor from node connection: 시스템에 부착된 장치가 작동하지 않습니다. (0x1F)
3월 09, 2023 21:39:50.513 [11884:2920:0309/213950.513:ERROR:device_event_log_impl.cc(218)] [21:39:50.513] USB: usb_device_handle_win.cc:1046 Failed to read descriptor from node connection: 시스템에 부착된 장치가 작동하지 않습니다. (0x1F)
3월 09, 2023 21:43:47.168 [6908:10088:0309/214347.168:ERROR:device_event_log_impl.cc(218)] [21:43:47.169] USB: usb_device_handle_win.cc:1046 Failed to read descriptor from node connection: 시스템에 부착된 장치가 작동하지 않습니다. (0x1F)
3월 09, 2023 21:43:47.170 [6908:10088:0309/214347.170:ERROR:device_event_log_impl.cc(218)] [21:43:47.170] USB: usb_device_handle_win.cc:1046 Failed to read descriptor from node connection: 시스템에 부착된 장치가 작동하지 않습니다. (0x1F)
3월 09, 2023 21:45:43.880 [13308:11784:0309/214543.880:ERROR:device_event_log_impl.cc(218)] [21:45:43.880] USB: usb_device_handle_win.cc:1046 Failed to read descriptor from node connection: 시스템에 부착된 장치가 작동하지 않습니다. (0x1F)
3월 09, 2023 21:45:43.882 [13308:11784:0309/214543.882:ERROR:device_event_log_impl.cc(218)] [21:45:43.882] USB: usb_device_handle_win.cc:1046 Failed to read descriptor from node connection: 시스템에 부착된 장치가 작동하지 않습니다. (0x1F)

3월 13, 2023 19:13:14.853 NEW SESSION
3월 13, 2023 19:13:14.854 [11980:13152:0313/191314.852:ERROR:device_event_log_impl.cc(218)] [19:13:14.852] USB: usb_device_handle_win.cc:1046 Failed to read descriptor from node connection: 시스템에 부착된 장치가 작동하지 않습니다. (0x1F)
3월 13, 2023 19:13:14.854 [11980:13152:0313/191314.854:ERROR:device_event_log_impl.cc(218)] [19:13:14.853] USB: usb_device_handle_win.cc:1046 Failed to read descriptor from node connection: 시스템에 부착된 장치가 작동하지 않습니다. (0x1F)
3월 13, 2023 19:29:41.556 [4732:14308:0313/192941.555:ERROR:device_event_log_impl.cc(218)] [19:29:41.555] USB: usb_device_handle_win.cc:1046 Failed to read descriptor from node connection: 시스템에 부착된 장치가 작동하지 않습니다. (0x1F)
3월 13, 2023 19:29:41.557 [4732:14308:0313/192941.557:ERROR:device_event_log_impl.cc(218)] [19:29:41.557] USB: usb_device_handle_win.cc:1046 Failed to read descriptor from node connection: 시스템에 부착된 장치가 작동하지 않습니다. (0x1F)
3월 13, 2023 19:44:29.83 [libprotobuf ERROR ..\..\third_party\protobuf\src\google\protobuf\message_lite.cc:133] Can't parse message of type "safe_browsing.ClientDownloadRequest" because it is missing required fields: (cannot determine missing fields for lite message)
3월 13, 2023 19:44:39.46 [libprotobuf ERROR ..\..\third_party\protobuf\src\google\protobuf\message_lite.cc:133] Can't parse message of type "safe_browsing.ClientDownloadRequest" because it is missing required fields: (cannot determine missing fields for lite message)
3월 13, 2023 19:44:50.11 [libprotobuf ERROR ..\..\third_party\protobuf\src\google\protobuf\message_lite.cc:133] Can't parse message of type "safe_browsing.ClientDownloadRequest" because it is missing required fields: (cannot determine missing fields for lite message)
3월 13, 2023 19:44:57.292 [libprotobuf ERROR ..\..\third_party\protobuf\src\google\protobuf\message_lite.cc:133] Can't parse message of type "safe_browsing.ClientDownloadRequest" because it is missing required fields: (cannot determine missing fields for lite message)

3월 14, 2023 19:07:25.205 NEW SESSION
3월 14, 2023 19:07:25.205 [6408:14660:0314/190725.204:ERROR:device_event_log_impl.cc(222)] [19:07:25.204] USB: usb_device_handle_win.cc:1046 Failed to read descriptor from node connection: 시스템에 부착된 장치가 작동하지 않습니다. (0x1F)
3월 14, 2023 19:07:25.206 [6408:14660:0314/190725.205:ERROR:device_event_log_impl.cc(222)] [19:07:25.206] USB: usb_device_handle_win.cc:1046 Failed to read descriptor from node connection: 시스템에 부착된 장치가 작동하지 않습니다. (0x1F)
3월 14, 2023 19:07:25.283 INFO: Created TensorFlow Lite XNNPACK delegate for CPU.
